<?xml version="1.0" encoding="UTF-8"?>
<coverage generated="1649398740833" clover="3.2.0">
  <project timestamp="1649398740833" name="All files">
    <metrics statements="18" coveredstatements="18" conditionals="0" coveredconditionals="0" methods="9" coveredmethods="9" elements="27" coveredelements="27" complexity="0" loc="18" ncloc="18" packages="1" files="1" classes="1"/>
    <file name="index.js" path="F:\K U L I A H\ALTERRA ACADEMY - STUDI INDEPENDEN\SECTION 2 - GIT\16_Vue Quality Control\praktikum\section16\src\utils\index.js">
      <metrics statements="18" coveredstatements="18" conditionals="0" coveredconditionals="0" methods="9" coveredmethods="9"/>
      <line num="1" count="1" type="stmt"/>
      <line num="2" count="4" type="stmt"/>
      <line num="5" count="1" type="stmt"/>
      <line num="6" count="2" type="stmt"/>
      <line num="9" count="1" type="stmt"/>
      <line num="10" count="3" type="stmt"/>
      <line num="13" count="1" type="stmt"/>
      <line num="14" count="3" type="stmt"/>
      <line num="17" count="1" type="stmt"/>
      <line num="18" count="3" type="stmt"/>
      <line num="21" count="1" type="stmt"/>
      <line num="22" count="3" type="stmt"/>
      <line num="25" count="1" type="stmt"/>
      <line num="26" count="3" type="stmt"/>
      <line num="29" count="1" type="stmt"/>
      <line num="30" count="3" type="stmt"/>
      <line num="33" count="1" type="stmt"/>
      <line num="34" count="3" type="stmt"/>
    </file>
  </project>
</coverage>
