TN:
SF:F:\K U L I A H\ALTERRA ACADEMY - STUDI INDEPENDEN\SECTION 2 - GIT\16_Vue Quality Control\praktikum\section16\src\utils\index.js
FN:1,(anonymous_0)
FN:5,(anonymous_1)
FN:9,(anonymous_2)
FN:13,(anonymous_3)
FN:17,(anonymous_4)
FN:21,(anonymous_5)
FN:25,(anonymous_6)
FN:29,(anonymous_7)
FN:33,(anonymous_8)
FNF:9
FNH:9
FNDA:4,(anonymous_0)
FNDA:2,(anonymous_1)
FNDA:3,(anonymous_2)
FNDA:3,(anonymous_3)
FNDA:3,(anonymous_4)
FNDA:3,(anonymous_5)
FNDA:3,(anonymous_6)
FNDA:3,(anonymous_7)
FNDA:3,(anonymous_8)
DA:1,1
DA:2,4
DA:5,1
DA:6,2
DA:9,1
DA:10,3
DA:13,1
DA:14,3
DA:17,1
DA:18,3
DA:21,1
DA:22,3
DA:25,1
DA:26,3
DA:29,1
DA:30,3
DA:33,1
DA:34,3
LF:18
LH:18
BRF:0
BRH:0
end_of_record
